# JRE version: Java(TM) SE Runtime Environment (8.0_201-b09) (build 1.8.0_201-b09)
# Java VM: Java HotSpot(TM) 64-Bit Server VM (25.201-b09 mixed mode bsd-amd64 compressed oops)
Heap:
 PSYoungGen      total 307200K, used 162921K [0x0000000795580000, 0x00000007afb00000, 0x00000007c0000000)
  eden space 271872K, 59% used [0x0000000795580000,0x000000079f49a438,0x00000007a5f00000)
  from space 35328K, 0% used [0x00000007a8000000,0x00000007a8000000,0x00000007aa280000)
  to   space 33792K, 0% used [0x00000007a5f00000,0x00000007a5f00000,0x00000007a8000000)
 ParOldGen       total 120320K, used 41359K [0x0000000740000000, 0x0000000747580000, 0x0000000795580000)
  object space 120320K, 34% used [0x0000000740000000,0x0000000742863fe0,0x0000000747580000)
 Metaspace       used 63807K, capacity 64724K, committed 64984K, reserved 1107968K
  class space    used 7109K, capacity 7368K, committed 7424K, reserved 1048576K
GC Heap History (10 events):
Event: 22.760 GC heap before
{Heap before GC invocations=15 (full 2):
 PSYoungGen      total 205312K, used 26110K [0x0000000795580000, 0x00000007a8f00000, 0x00000007c0000000)
  eden space 179200K, 0% used [0x0000000795580000,0x0000000795580000,0x00000007a0480000)
  from space 26112K, 99% used [0x00000007a0480000,0x00000007a1dffb10,0x00000007a1e00000)
  to   space 31744K, 0% used [0x00000007a7000000,0x00000007a7000000,0x00000007a8f00000)
 ParOldGen       total 55296K, used 48663K [0x0000000740000000, 0x0000000743600000, 0x0000000795580000)
  object space 55296K, 88% used [0x0000000740000000,0x0000000742f85e30,0x0000000743600000)
 Metaspace       used 30159K, capacity 30748K, committed 30848K, reserved 1077248K
  class space    used 3449K, capacity 3620K, committed 3712K, reserved 1048576K
Event: 23.248 GC heap after
Heap after GC invocations=15 (full 2):
 PSYoungGen      total 205312K, used 2892K [0x0000000795580000, 0x00000007a8f00000, 0x00000007c0000000)
  eden space 179200K, 0% used [0x0000000795580000,0x0000000795580000,0x00000007a0480000)
  from space 26112K, 11% used [0x00000007a0480000,0x00000007a07533a8,0x00000007a1e00000)
  to   space 31744K, 0% used [0x00000007a7000000,0x00000007a7000000,0x00000007a8f00000)
 ParOldGen       total 128512K, used 55143K [0x0000000740000000, 0x0000000747d80000, 0x0000000795580000)
  object space 128512K, 42% used [0x0000000740000000,0x00000007435d9d48,0x0000000747d80000)
 Metaspace       used 30159K, capacity 30748K, committed 30848K, reserved 1077248K
  class space    used 3449K, capacity 3620K, committed 3712K, reserved 1048576K
}
Event: 28.442 GC heap before
{Heap before GC invocations=16 (full 2):
 PSYoungGen      total 205312K, used 182092K [0x0000000795580000, 0x00000007a8f00000, 0x00000007c0000000)
  eden space 179200K, 100% used [0x0000000795580000,0x00000007a0480000,0x00000007a0480000)
  from space 26112K, 11% used [0x00000007a0480000,0x00000007a07533a8,0x00000007a1e00000)
  to   space 31744K, 0% used [0x00000007a7000000,0x00000007a7000000,0x00000007a8f00000)
 ParOldGen       total 128512K, used 55143K [0x0000000740000000, 0x0000000747d80000, 0x0000000795580000)
  object space 128512K, 42% used [0x0000000740000000,0x00000007435d9d48,0x0000000747d80000)
 Metaspace       used 39366K, capacity 40126K, committed 40448K, reserved 1085440K
  class space    used 4560K, capacity 4759K, committed 4864K, reserved 1048576K
Event: 28.465 GC heap after
Heap after GC invocations=16 (full 2):
 PSYoungGen      total 246784K, used 22972K [0x0000000795580000, 0x00000007a8680000, 0x00000007c0000000)
  eden space 223744K, 0% used [0x0000000795580000,0x0000000795580000,0x00000007a3000000)
  from space 23040K, 99% used [0x00000007a7000000,0x00000007a866f168,0x00000007a8680000)
  to   space 33280K, 0% used [0x00000007a4580000,0x00000007a4580000,0x00000007a6600000)
 ParOldGen       total 128512K, used 56968K [0x0000000740000000, 0x0000000747d80000, 0x0000000795580000)
  object space 128512K, 44% used [0x0000000740000000,0x00000007437a2050,0x0000000747d80000)
 Metaspace       used 39366K, capacity 40126K, committed 40448K, reserved 1085440K
  class space    used 4560K, capacity 4759K, committed 4864K, reserved 1048576K
}
Event: 397.400 GC heap before
{Heap before GC invocations=17 (full 2):
 PSYoungGen      total 246784K, used 246716K [0x0000000795580000, 0x00000007a8680000, 0x00000007c0000000)
  eden space 223744K, 100% used [0x0000000795580000,0x00000007a3000000,0x00000007a3000000)
  from space 23040K, 99% used [0x00000007a7000000,0x00000007a866f168,0x00000007a8680000)
  to   space 33280K, 0% used [0x00000007a4580000,0x00000007a4580000,0x00000007a6600000)
 ParOldGen       total 128512K, used 56968K [0x0000000740000000, 0x0000000747d80000, 0x0000000795580000)
  object space 128512K, 44% used [0x0000000740000000,0x00000007437a2050,0x0000000747d80000)
 Metaspace       used 50109K, capacity 50950K, committed 51200K, reserved 1093632K
  class space    used 5853K, capacity 6095K, committed 6144K, reserved 1048576K
Event: 397.467 GC heap after
Heap after GC invocations=17 (full 2):
 PSYoungGen      total 279040K, used 25084K [0x0000000795580000, 0x00000007aa280000, 0x00000007c0000000)
  eden space 245760K, 0% used [0x0000000795580000,0x0000000795580000,0x00000007a4580000)
  from space 33280K, 75% used [0x00000007a4580000,0x00000007a5dff160,0x00000007a6600000)
  to   space 35328K, 0% used [0x00000007a8000000,0x00000007a8000000,0x00000007aa280000)
 ParOldGen       total 128512K, used 56984K [0x0000000740000000, 0x0000000747d80000, 0x0000000795580000)
  object space 128512K, 44% used [0x0000000740000000,0x00000007437a6050,0x0000000747d80000)
 Metaspace       used 50109K, capacity 50950K, committed 51200K, reserved 1093632K
  class space    used 5853K, capacity 6095K, committed 6144K, reserved 1048576K
}
Event: 397.507 GC heap before
{Heap before GC invocations=18 (full 2):
 PSYoungGen      total 279040K, used 28751K [0x0000000795580000, 0x00000007aa280000, 0x00000007c0000000)
  eden space 245760K, 1% used [0x0000000795580000,0x0000000795914c08,0x00000007a4580000)
  from space 33280K, 75% used [0x00000007a4580000,0x00000007a5dff160,0x00000007a6600000)
  to   space 35328K, 0% used [0x00000007a8000000,0x00000007a8000000,0x00000007aa280000)
 ParOldGen       total 128512K, used 56984K [0x0000000740000000, 0x0000000747d80000, 0x0000000795580000)
  object space 128512K, 44% used [0x0000000740000000,0x00000007437a6050,0x0000000747d80000)
 Metaspace       used 50465K, capacity 51238K, committed 51416K, reserved 1095680K
  class space    used 5890K, capacity 6127K, committed 6144K, reserved 1048576K
Event: 397.523 GC heap after
Heap after GC invocations=18 (full 2):
 PSYoungGen      total 307200K, used 17621K [0x0000000795580000, 0x00000007afb00000, 0x00000007c0000000)
  eden space 271872K, 0% used [0x0000000795580000,0x0000000795580000,0x00000007a5f00000)
  from space 35328K, 49% used [0x00000007a8000000,0x00000007a91356b0,0x00000007aa280000)
  to   space 33792K, 0% used [0x00000007a5f00000,0x00000007a5f00000,0x00000007a8000000)
 ParOldGen       total 128512K, used 56992K [0x0000000740000000, 0x0000000747d80000, 0x0000000795580000)
  object space 128512K, 44% used [0x0000000740000000,0x00000007437a8050,0x0000000747d80000)
 Metaspace       used 50465K, capacity 51238K, committed 51416K, reserved 1095680K
  class space    used 5890K, capacity 6127K, committed 6144K, reserved 1048576K
}
Event: 397.523 GC heap before
{Heap before GC invocations=19 (full 3):
 PSYoungGen      total 307200K, used 17621K [0x0000000795580000, 0x00000007afb00000, 0x00000007c0000000)
  eden space 271872K, 0% used [0x0000000795580000,0x0000000795580000,0x00000007a5f00000)
  from space 35328K, 49% used [0x00000007a8000000,0x00000007a91356b0,0x00000007aa280000)
  to   space 33792K, 0% used [0x00000007a5f00000,0x00000007a5f00000,0x00000007a8000000)
 ParOldGen       total 128512K, used 56992K [0x0000000740000000, 0x0000000747d80000, 0x0000000795580000)
  object space 128512K, 44% used [0x0000000740000000,0x00000007437a8050,0x0000000747d80000)
 Metaspace       used 50465K, capacity 51238K, committed 51416K, reserved 1095680K
  class space    used 5890K, capacity 6127K, committed 6144K, reserved 1048576K
Event: 397.734 GC heap after
Heap after GC invocations=19 (full 3):
 PSYoungGen      total 307200K, used 0K [0x0000000795580000, 0x00000007afb00000, 0x00000007c0000000)
  eden space 271872K, 0% used [0x0000000795580000,0x0000000795580000,0x00000007a5f00000)
  from space 35328K, 0% used [0x00000007a8000000,0x00000007a8000000,0x00000007aa280000)
  to   space 33792K, 0% used [0x00000007a5f00000,0x00000007a5f00000,0x00000007a8000000)
 ParOldGen       total 120320K, used 41359K [0x0000000740000000, 0x0000000747580000, 0x0000000795580000)
  object space 120320K, 34% used [0x0000000740000000,0x0000000742863fe0,0x0000000747580000)
 Metaspace       used 50465K, capacity 51238K, committed 51416K, reserved 1095680K
  class space    used 5890K, capacity 6127K, committed 6144K, reserved 1048576K
}

